<?xml version="1.0" encoding="UTF-8"?>
<!-- Generated by org.testng.reporters.JUnitReportReporter -->
<testsuite hostname="SHAIKHH-WIN10" failures="0" tests="1" name="Test1.Post_method" time="3.440" errors="0" timestamp="2024-07-09T17:36:39 IST" skipped="0">
  <testcase classname="Test1.Post_method" name="post_req" time="3.440"/>
</testsuite> <!-- Test1.Post_method -->
