<?xml version="1.0" encoding="UTF-8"?>
<!-- Generated by org.testng.reporters.JUnitReportReporter -->
<testsuite hostname="SHAIKHH-WIN10" failures="0" tests="1" name="Test1.whole_res" time="2.626" errors="0" timestamp="2024-07-09T18:35:56 IST" skipped="0">
  <testcase classname="Test1.whole_res" name="whole_response" time="2.626"/>
</testsuite> <!-- Test1.whole_res -->
