<?xml version="1.0" encoding="UTF-8"?>
<!-- Generated by org.testng.reporters.JUnitReportReporter -->
<testsuite hostname="SHAIKHH-WIN10" failures="0" tests="1" name="Test1.path_query_Param" time="3.617" errors="0" timestamp="2024-06-25T17:00:23 IST" skipped="0">
  <testcase classname="Test1.path_query_Param" name="path_qry_para" time="3.617"/>
</testsuite> <!-- Test1.path_query_Param -->
