<?xml version="1.0" encoding="UTF-8"?>
<!-- Generated by org.testng.reporters.JUnitReportReporter -->
<testsuite hostname="SHAIKHH-WIN10" failures="0" tests="1" name="Test1.File_upload" time="3.670" errors="0" timestamp="2024-07-09T18:00:23 IST" skipped="0">
  <testcase classname="Test1.File_upload" name="file_upload" time="3.670"/>
</testsuite> <!-- Test1.File_upload -->
