<?xml version="1.0" encoding="UTF-8"?>
<!-- Generated by org.testng.reporters.JUnitReportReporter -->
<testsuite hostname="SHAIKHH-WIN10" failures="0" tests="2" name="Test1.Headers_val" time="4.184" errors="0" timestamp="2024-07-08T16:17:24 IST" skipped="0">
  <testcase classname="Test1.Headers_val" name="test_headers" time="1.601"/>
  <testcase classname="Test1.Headers_val" name="get_header" time="2.583"/>
</testsuite> <!-- Test1.Headers_val -->
