<?xml version="1.0" encoding="UTF-8"?>
<!-- Generated by org.testng.reporters.JUnitReportReporter -->
<testsuite hostname="SHAIKHH-WIN10" failures="0" tests="1" name="Test1.pst_method" time="2.603" errors="0" timestamp="2024-08-06T16:22:50 IST" skipped="0">
  <testcase classname="Test1.pst_method" name="post_method" time="2.603"/>
</testsuite> <!-- Test1.pst_method -->
