<?xml version="1.0" encoding="UTF-8"?>
<!-- Generated by org.testng.reporters.JUnitReportReporter -->
<testsuite hostname="SHAIKHH-WIN10" failures="0" tests="1" name="Test1.put_method" time="2.356" errors="0" timestamp="2024-07-04T01:20:59 IST" skipped="0">
  <testcase classname="Test1.put_method" name="post_method" time="2.356"/>
</testsuite> <!-- Test1.put_method -->
