<?xml version="1.0" encoding="UTF-8"?>
<!-- Generated by org.testng.reporters.JUnitReportReporter -->
<testsuite hostname="SHAIKHH-WIN10" failures="0" tests="2" name="Test1.Headers" time="2.715" errors="0" timestamp="2024-07-04T02:02:09 IST" skipped="0">
  <testcase classname="Test1.Headers" name="set_headers" time="0.952"/>
  <testcase classname="Test1.Headers" name="get_headers" time="1.763"/>
</testsuite> <!-- Test1.Headers -->
