<?xml version="1.0" encoding="UTF-8"?>
<!-- Generated by org.testng.reporters.JUnitReportReporter -->
<testsuite hostname="SHAIKHH-WIN10" failures="0" tests="1" name="Test1.prnt_res" time="1.935" errors="0" timestamp="2024-07-09T18:17:51 IST" skipped="0">
  <testcase classname="Test1.prnt_res" name="print_res" time="1.935"/>
</testsuite> <!-- Test1.prnt_res -->
